<?xml version="1.0" encoding="UTF-8"?>
<!-- Generated by org.testng.reporters.JUnitReportReporter -->
<testsuite hostname="Tejass-MacBook-Pro.local" failures="0" tests="1" name="com.w2a.testcases.LoginTest" time="3.129" errors="0" timestamp="2024-11-26T12:39:41 GMT" skipped="0">
  <testcase classname="com.w2a.testcases.LoginTest" name="LoginAsBankManger" time="3.129"/>
</testsuite> <!-- com.w2a.testcases.LoginTest -->
